d:\project\datastruct\datastruct\debug\vc142.pdb
d:\project\datastruct\datastruct\debug\vc142.idb
d:\project\datastruct\datastruct\debug\template.obj
d:\project\datastruct\datastruct\debug\stack.obj
d:\project\datastruct\datastruct\debug\shellsort.obj
d:\project\datastruct\datastruct\debug\selectionsort.obj
d:\project\datastruct\datastruct\debug\recursion.obj
d:\project\datastruct\datastruct\debug\queue.obj
d:\project\datastruct\datastruct\debug\mystring.obj
d:\project\datastruct\datastruct\debug\primenumber.obj
d:\project\datastruct\datastruct\debug\list.obj
d:\project\datastruct\datastruct\debug\kmp.obj
d:\project\datastruct\datastruct\debug\insertsort.obj
d:\project\datastruct\datastruct\debug\heapsort.obj
d:\project\datastruct\datastruct\debug\fibonaccisearch.obj
d:\project\datastruct\datastruct\debug\fastsort.obj
d:\project\datastruct\datastruct\debug\crc.obj
d:\project\datastruct\datastruct\debug\composite.obj
d:\project\datastruct\datastruct\debug\bubblesort.obj
d:\project\datastruct\datastruct\debug\binarysearch.obj
d:\project\datastruct\datastruct\debug\binaryinsertsort.obj
d:\project\datastruct\datastruct\debug\treesearch.obj
d:\project\datastruct\datastruct\debug\transnumber.obj
d:\project\datastruct\datastruct\debug\datastruct.tlog\cl.command.1.tlog
d:\project\datastruct\datastruct\debug\datastruct.tlog\cl.read.1.tlog
d:\project\datastruct\datastruct\debug\datastruct.tlog\cl.write.1.tlog
